<?xml version="1.0" encoding="UTF-8"?>
<!-- Generated by org.testng.reporters.JUnitReportReporter -->
<testsuite skipped="0" hostname="DESKTOP-SSA0485" name="sample.sample.localTesting" tests="4" failures="0" timestamp="2020-09-04T16:44:39 IST" time="74.458" errors="1">
  <testcase name="launchSafari" time="13.905" classname="sample.sample.localTesting"/>
  <system-out/>
  <testcase name="launchEdge" time="18.472" classname="sample.sample.localTesting"/>
  <system-out/>
  <testcase name="launchAndroid" time="20.845" classname="sample.sample.localTesting">
    <error type="org.openqa.selenium.UnsupportedCommandException" message="Command not supported. (WARNING: The server did not provide any stacktrace information)
Command duration or timeout: 0 milliseconds
Build info: version: &#039;4.0.0-alpha-6&#039;, revision: &#039;5f43a29cfc&#039;
System info: host: &#039;DESKTOP-SSA0485&#039;, ip: &#039;192.168.0.6&#039;, os.name: &#039;Windows 10&#039;, os.arch: &#039;amd64&#039;, os.version: &#039;10.0&#039;, java.version: &#039;1.8.0_261&#039;
Driver info: org.openqa.selenium.remote.RemoteWebDriver
Capabilities {64bit: false, acceptSslCert: false, acceptSslCerts: false, browser: android, browserName: chrome, browser_name: Android, browserstack-tunnel: true, browserstack.is_hub_canary: false, browserstack.useChromeDriver: true, chromeOptions: {args: [--proxy-bypass-list=&lt;-loopb..., test-type, --proxy-server=http://183.1..., --disable-features=TranslateUI], w3c: false}, databaseEnabled: false, detected_language: selenium/4.0.0-alpha-6 (jav..., device: Samsung Galaxy S20, deviceManufacturer: samsung, deviceModel: SM-G981B, deviceName: RFCN20SJR8A, deviceScreenSize: 1440x3200, deviceUDID: RFCN20SJR8A, enablePerformanceLogging: false, javascriptEnabled: true, locationContextEnabled: false, loggingPrefs: org.openqa.selenium.logging..., mobile: {browser: mobile, version: Samsung Galaxy S20-10.0}, networkConnectionEnabled: true, newCommandTimeout: 0, new_bucketing: true, orientation: PORTRAIT, orig_os: android, osVersion: 10.0, os_version: 10.0, platform: ANDROID, platformName: ANDROID, platformVersion: 10, realMobile: true, real_mobile: true, systemPort: 8203, takesScreenshot: true, udid: RFCN20SJR8A, version: , warnings: {}, webStorageEnabled: false}
Session ID: 8796b02ae927ff57805bba62a47b44dfd96de403">
      <![CDATA[org.openqa.selenium.UnsupportedCommandException: Command not supported. (WARNING: The server did not provide any stacktrace information)
Command duration or timeout: 0 milliseconds
Build info: version: '4.0.0-alpha-6', revision: '5f43a29cfc'
System info: host: 'DESKTOP-SSA0485', ip: '192.168.0.6', os.name: 'Windows 10', os.arch: 'amd64', os.version: '10.0', java.version: '1.8.0_261'
Driver info: org.openqa.selenium.remote.RemoteWebDriver
Capabilities {64bit: false, acceptSslCert: false, acceptSslCerts: false, browser: android, browserName: chrome, browser_name: Android, browserstack-tunnel: true, browserstack.is_hub_canary: false, browserstack.useChromeDriver: true, chromeOptions: {args: [--proxy-bypass-list=<-loopb..., test-type, --proxy-server=http://183.1..., --disable-features=TranslateUI], w3c: false}, databaseEnabled: false, detected_language: selenium/4.0.0-alpha-6 (jav..., device: Samsung Galaxy S20, deviceManufacturer: samsung, deviceModel: SM-G981B, deviceName: RFCN20SJR8A, deviceScreenSize: 1440x3200, deviceUDID: RFCN20SJR8A, enablePerformanceLogging: false, javascriptEnabled: true, locationContextEnabled: false, loggingPrefs: org.openqa.selenium.logging..., mobile: {browser: mobile, version: Samsung Galaxy S20-10.0}, networkConnectionEnabled: true, newCommandTimeout: 0, new_bucketing: true, orientation: PORTRAIT, orig_os: android, osVersion: 10.0, os_version: 10.0, platform: ANDROID, platformName: ANDROID, platformVersion: 10, realMobile: true, real_mobile: true, systemPort: 8203, takesScreenshot: true, udid: RFCN20SJR8A, version: , warnings: {}, webStorageEnabled: false}
Session ID: 8796b02ae927ff57805bba62a47b44dfd96de403
at sun.reflect.NativeConstructorAccessorImpl.newInstance0(Native Method)
at sun.reflect.NativeConstructorAccessorImpl.newInstance(Unknown Source)
at sun.reflect.DelegatingConstructorAccessorImpl.newInstance(Unknown Source)
at java.lang.reflect.Constructor.newInstance(Unknown Source)
at org.openqa.selenium.remote.ErrorHandler.createThrowable(ErrorHandler.java:217)
at org.openqa.selenium.remote.ErrorHandler.throwIfResponseFailed(ErrorHandler.java:169)
at org.openqa.selenium.remote.codec.jwp.JsonHttpResponseCodec.reconstructValue(JsonHttpResponseCodec.java:41)
at org.openqa.selenium.remote.codec.AbstractHttpResponseCodec.decode(AbstractHttpResponseCodec.java:83)
at org.openqa.selenium.remote.codec.AbstractHttpResponseCodec.decode(AbstractHttpResponseCodec.java:47)
at org.openqa.selenium.remote.HttpCommandExecutor.execute(HttpCommandExecutor.java:160)
at org.openqa.selenium.remote.RemoteWebDriver.execute(RemoteWebDriver.java:582)
at org.openqa.selenium.remote.RemoteWebDriver.execute(RemoteWebDriver.java:639)
at org.openqa.selenium.remote.RemoteWebDriver.execute(RemoteWebDriver.java:643)
at org.openqa.selenium.remote.RemoteWebDriver$RemoteWebDriverOptions$RemoteWindow.maximize(RemoteWebDriver.java:906)
at sample.sample.localTesting.localTest(localTesting.java:49)
at sample.sample.localTesting.launchAndroid(localTesting.java:134)
at sun.reflect.NativeMethodAccessorImpl.invoke0(Native Method)
at sun.reflect.NativeMethodAccessorImpl.invoke(Unknown Source)
at sun.reflect.DelegatingMethodAccessorImpl.invoke(Unknown Source)
at java.lang.reflect.Method.invoke(Unknown Source)
at org.testng.internal.MethodInvocationHelper.invokeMethod(MethodInvocationHelper.java:132)
at org.testng.internal.TestInvoker.invokeMethod(TestInvoker.java:599)
at org.testng.internal.TestInvoker.invokeTestMethod(TestInvoker.java:174)
at org.testng.internal.MethodRunner.runInSequence(MethodRunner.java:46)
at org.testng.internal.TestInvoker$MethodInvocationAgent.invoke(TestInvoker.java:822)
at org.testng.internal.TestInvoker.invokeTestMethods(TestInvoker.java:147)
at org.testng.internal.TestMethodWorker.invokeTestMethods(TestMethodWorker.java:146)
at org.testng.internal.TestMethodWorker.run(TestMethodWorker.java:128)
at java.util.concurrent.ThreadPoolExecutor.runWorker(Unknown Source)
at java.util.concurrent.ThreadPoolExecutor$Worker.run(Unknown Source)
at java.lang.Thread.run(Unknown Source)
]]>
    </error>
  </testcase> <!-- launchAndroid -->
  <system-out/>
  <testcase name="launchChrome" time="21.236" classname="sample.sample.localTesting"/>
  <system-out/>
</testsuite> <!-- sample.sample.localTesting -->
